<?xml version="1.0" encoding="UTF-8"?>
<coverage generated="1688642596194" clover="3.2.0">
  <project timestamp="1688642596195" name="All files">
    <metrics statements="48" coveredstatements="39" conditionals="12" coveredconditionals="8" methods="16" coveredmethods="12" elements="76" coveredelements="59" complexity="0" loc="48" ncloc="48" packages="2" files="5" classes="5"/>
    <package name="components">
      <metrics statements="25" coveredstatements="24" conditionals="10" coveredconditionals="7" methods="9" coveredmethods="8"/>
      <file name="AnimeCard.jsx" path="/home/chrisdroid/Desktop/microverse/my-repos/anime-facts/src/components/AnimeCard.jsx">
        <metrics statements="3" coveredstatements="3" conditionals="0" coveredconditionals="0" methods="1" coveredmethods="1"/>
        <line num="5" count="2" type="stmt"/>
        <line num="8" count="2" type="stmt"/>
        <line num="25" count="2" type="stmt"/>
      </file>
      <file name="AnimeView.jsx" path="/home/chrisdroid/Desktop/microverse/my-repos/anime-facts/src/components/AnimeView.jsx">
        <metrics statements="13" coveredstatements="12" conditionals="8" coveredconditionals="5" methods="5" coveredmethods="4"/>
        <line num="8" count="1" type="stmt"/>
        <line num="9" count="1" type="stmt"/>
        <line num="10" count="1" type="stmt"/>
        <line num="11" count="1" type="stmt"/>
        <line num="13" count="1" type="stmt"/>
        <line num="14" count="1" type="stmt"/>
        <line num="17" count="1" type="stmt"/>
        <line num="18" count="1" type="cond" truecount="2" falsecount="0"/>
        <line num="20" count="1" type="stmt"/>
        <line num="21" count="1" type="stmt"/>
        <line num="24" count="1" type="cond" truecount="1" falsecount="1"/>
        <line num="25" count="0" type="stmt"/>
        <line num="28" count="1" type="stmt"/>
      </file>
      <file name="Loading.jsx" path="/home/chrisdroid/Desktop/microverse/my-repos/anime-facts/src/components/Loading.jsx">
        <metrics statements="2" coveredstatements="2" conditionals="0" coveredconditionals="0" methods="1" coveredmethods="1"/>
        <line num="3" count="2" type="stmt"/>
        <line num="4" count="1" type="stmt"/>
      </file>
      <file name="SearchBar.jsx" path="/home/chrisdroid/Desktop/microverse/my-repos/anime-facts/src/components/SearchBar.jsx">
        <metrics statements="7" coveredstatements="7" conditionals="2" coveredconditionals="2" methods="2" coveredmethods="2"/>
        <line num="5" count="1" type="stmt"/>
        <line num="6" count="2" type="stmt"/>
        <line num="7" count="2" type="stmt"/>
        <line num="8" count="3" type="cond" truecount="2" falsecount="0"/>
        <line num="9" count="2" type="stmt"/>
        <line num="11" count="1" type="stmt"/>
        <line num="14" count="2" type="stmt"/>
      </file>
    </package>
    <package name="redux.anime">
      <metrics statements="23" coveredstatements="15" conditionals="2" coveredconditionals="1" methods="7" coveredmethods="4"/>
      <file name="animeSlice.js" path="/home/chrisdroid/Desktop/microverse/my-repos/anime-facts/src/redux/anime/animeSlice.js">
        <metrics statements="23" coveredstatements="15" conditionals="2" coveredconditionals="1" methods="7" coveredmethods="4"/>
        <line num="3" count="1" type="stmt"/>
        <line num="11" count="1" type="stmt"/>
        <line num="12" count="1" type="stmt"/>
        <line num="13" count="0" type="stmt"/>
        <line num="14" count="0" type="stmt"/>
        <line num="15" count="0" type="stmt"/>
        <line num="16" count="0" type="stmt"/>
        <line num="18" count="0" type="stmt"/>
        <line num="21" count="1" type="stmt"/>
        <line num="26" count="1" type="stmt"/>
        <line num="27" count="1" type="stmt"/>
        <line num="28" count="0" type="stmt"/>
        <line num="29" count="0" type="stmt"/>
        <line num="31" count="1" type="cond" truecount="1" falsecount="1"/>
        <line num="35" count="1" type="stmt"/>
        <line num="37" count="0" type="stmt"/>
        <line num="40" count="1" type="stmt"/>
        <line num="41" count="1" type="stmt"/>
        <line num="42" count="1" type="stmt"/>
        <line num="45" count="1" type="stmt"/>
        <line num="46" count="1" type="stmt"/>
        <line num="51" count="1" type="stmt"/>
        <line num="52" count="1" type="stmt"/>
      </file>
    </package>
  </project>
</coverage>
