{"/home/chrisdroid/Desktop/microverse/my-repos/anime-facts/src/components/AnimeCard.jsx": {"path":"/home/chrisdroid/Desktop/microverse/my-repos/anime-facts/src/components/AnimeCard.jsx","statementMap":{"0":{"start":{"line":5,"column":18},"end":{"line":23,"column":1}},"1":{"start":{"line":8,"column":2},"end":{"line":22,"column":9}},"2":{"start":{"line":25,"column":0},"end":{"line":30,"column":2}}},"fnMap":{"0":{"name":"(anonymous_0)","decl":{"start":{"line":5,"column":18},"end":{"line":5,"column":19}},"loc":{"start":{"line":8,"column":2},"end":{"line":22,"column":9}},"line":8}},"branchMap":{},"s":{"0":2,"1":2,"2":2},"f":{"0":2},"b":{},"_coverageSchema":"1a1c01bbd47fc00a2c39e90264f33305004495a9","hash":"403af7e15d06268a2e042273f8ecf6938db51489"}
,"/home/chrisdroid/Desktop/microverse/my-repos/anime-facts/src/components/AnimeView.jsx": {"path":"/home/chrisdroid/Desktop/microverse/my-repos/anime-facts/src/components/AnimeView.jsx","statementMap":{"0":{"start":{"line":8,"column":18},"end":{"line":59,"column":1}},"1":{"start":{"line":9,"column":17},"end":{"line":9,"column":28}},"2":{"start":{"line":10,"column":16},"end":{"line":10,"column":51}},"3":{"start":{"line":10,"column":39},"end":{"line":10,"column":50}},"4":{"start":{"line":11,"column":19},"end":{"line":11,"column":32}},"5":{"start":{"line":13,"column":2},"end":{"line":15,"column":17}},"6":{"start":{"line":14,"column":4},"end":{"line":14,"column":27}},"7":{"start":{"line":17,"column":17},"end":{"line":17,"column":33}},"8":{"start":{"line":18,"column":16},"end":{"line":18,"column":77}},"9":{"start":{"line":18,"column":49},"end":{"line":18,"column":76}},"10":{"start":{"line":20,"column":21},"end":{"line":22,"column":3}},"11":{"start":{"line":21,"column":4},"end":{"line":21,"column":26}},"12":{"start":{"line":24,"column":2},"end":{"line":26,"column":3}},"13":{"start":{"line":25,"column":4},"end":{"line":25,"column":23}},"14":{"start":{"line":28,"column":2},"end":{"line":58,"column":4}}},"fnMap":{"0":{"name":"(anonymous_0)","decl":{"start":{"line":8,"column":18},"end":{"line":8,"column":19}},"loc":{"start":{"line":8,"column":24},"end":{"line":59,"column":1}},"line":8},"1":{"name":"(anonymous_1)","decl":{"start":{"line":10,"column":28},"end":{"line":10,"column":29}},"loc":{"start":{"line":10,"column":39},"end":{"line":10,"column":50}},"line":10},"2":{"name":"(anonymous_2)","decl":{"start":{"line":13,"column":12},"end":{"line":13,"column":13}},"loc":{"start":{"line":13,"column":18},"end":{"line":15,"column":3}},"line":13},"3":{"name":"(anonymous_3)","decl":{"start":{"line":18,"column":38},"end":{"line":18,"column":39}},"loc":{"start":{"line":18,"column":49},"end":{"line":18,"column":76}},"line":18},"4":{"name":"(anonymous_4)","decl":{"start":{"line":20,"column":21},"end":{"line":20,"column":22}},"loc":{"start":{"line":20,"column":27},"end":{"line":22,"column":3}},"line":20}},"branchMap":{"0":{"loc":{"start":{"line":18,"column":16},"end":{"line":18,"column":77}},"type":"binary-expr","locations":[{"start":{"line":18,"column":16},"end":{"line":18,"column":22}},{"start":{"line":18,"column":26},"end":{"line":18,"column":77}}],"line":18},"1":{"loc":{"start":{"line":24,"column":2},"end":{"line":26,"column":3}},"type":"if","locations":[{"start":{"line":24,"column":2},"end":{"line":26,"column":3}},{"start":{},"end":{}}],"line":24},"2":{"loc":{"start":{"line":39,"column":7},"end":{"line":41,"column":46}},"type":"cond-expr","locations":[{"start":{"line":40,"column":10},"end":{"line":40,"column":42}},{"start":{"line":41,"column":10},"end":{"line":41,"column":46}}],"line":39},"3":{"loc":{"start":{"line":42,"column":7},"end":{"line":56,"column":9}},"type":"cond-expr","locations":[{"start":{"line":44,"column":10},"end":{"line":48,"column":14}},{"start":{"line":51,"column":10},"end":{"line":55,"column":14}}],"line":42}},"s":{"0":1,"1":1,"2":1,"3":0,"4":1,"5":1,"6":1,"7":1,"8":1,"9":1,"10":1,"11":1,"12":1,"13":0,"14":1},"f":{"0":1,"1":0,"2":1,"3":1,"4":1},"b":{"0":[1,1],"1":[0,1],"2":[1,0],"3":[0,1]},"_coverageSchema":"1a1c01bbd47fc00a2c39e90264f33305004495a9","hash":"1e9ab02de1dc7dde3b4b882bf92e1a0526713ad5"}
,"/home/chrisdroid/Desktop/microverse/my-repos/anime-facts/src/components/Loading.jsx": {"path":"/home/chrisdroid/Desktop/microverse/my-repos/anime-facts/src/components/Loading.jsx","statementMap":{"0":{"start":{"line":3,"column":16},"end":{"line":10,"column":1}},"1":{"start":{"line":4,"column":2},"end":{"line":9,"column":8}}},"fnMap":{"0":{"name":"(anonymous_0)","decl":{"start":{"line":3,"column":16},"end":{"line":3,"column":17}},"loc":{"start":{"line":4,"column":2},"end":{"line":9,"column":8}},"line":4}},"branchMap":{},"s":{"0":2,"1":1},"f":{"0":1},"b":{},"_coverageSchema":"1a1c01bbd47fc00a2c39e90264f33305004495a9","hash":"142acce39738d69104d75480e2c51487c9ef7be5"}
,"/home/chrisdroid/Desktop/microverse/my-repos/anime-facts/src/components/SearchBar.jsx": {"path":"/home/chrisdroid/Desktop/microverse/my-repos/anime-facts/src/components/SearchBar.jsx","statementMap":{"0":{"start":{"line":5,"column":18},"end":{"line":24,"column":1}},"1":{"start":{"line":6,"column":19},"end":{"line":6,"column":32}},"2":{"start":{"line":7,"column":23},"end":{"line":13,"column":3}},"3":{"start":{"line":8,"column":4},"end":{"line":12,"column":5}},"4":{"start":{"line":9,"column":6},"end":{"line":9,"column":44}},"5":{"start":{"line":11,"column":6},"end":{"line":11,"column":32}},"6":{"start":{"line":14,"column":2},"end":{"line":23,"column":4}}},"fnMap":{"0":{"name":"(anonymous_0)","decl":{"start":{"line":5,"column":18},"end":{"line":5,"column":19}},"loc":{"start":{"line":5,"column":24},"end":{"line":24,"column":1}},"line":5},"1":{"name":"(anonymous_1)","decl":{"start":{"line":7,"column":23},"end":{"line":7,"column":24}},"loc":{"start":{"line":7,"column":30},"end":{"line":13,"column":3}},"line":7}},"branchMap":{"0":{"loc":{"start":{"line":8,"column":4},"end":{"line":12,"column":5}},"type":"if","locations":[{"start":{"line":8,"column":4},"end":{"line":12,"column":5}},{"start":{"line":10,"column":11},"end":{"line":12,"column":5}}],"line":8}},"s":{"0":1,"1":2,"2":2,"3":3,"4":2,"5":1,"6":2},"f":{"0":2,"1":3},"b":{"0":[2,1]},"_coverageSchema":"1a1c01bbd47fc00a2c39e90264f33305004495a9","hash":"57ab3e6993d56c2248414867065987a83a249d22"}
,"/home/chrisdroid/Desktop/microverse/my-repos/anime-facts/src/redux/anime/animeSlice.js": {"path":"/home/chrisdroid/Desktop/microverse/my-repos/anime-facts/src/redux/anime/animeSlice.js","statementMap":{"0":{"start":{"line":3,"column":28},"end":{"line":9,"column":1}},"1":{"start":{"line":11,"column":16},"end":{"line":11,"column":48}},"2":{"start":{"line":12,"column":19},"end":{"line":20,"column":2}},"3":{"start":{"line":13,"column":2},"end":{"line":19,"column":3}},"4":{"start":{"line":14,"column":21},"end":{"line":14,"column":41}},"5":{"start":{"line":15,"column":17},"end":{"line":15,"column":38}},"6":{"start":{"line":16,"column":4},"end":{"line":16,"column":16}},"7":{"start":{"line":18,"column":4},"end":{"line":18,"column":17}},"8":{"start":{"line":21,"column":26},"end":{"line":49,"column":2}},"9":{"start":{"line":26,"column":25},"end":{"line":26,"column":46}},"10":{"start":{"line":27,"column":21},"end":{"line":30,"column":8}},"11":{"start":{"line":28,"column":27},"end":{"line":28,"column":52}},"12":{"start":{"line":29,"column":8},"end":{"line":29,"column":47}},"13":{"start":{"line":31,"column":6},"end":{"line":31,"column":67}},"14":{"start":{"line":35,"column":4},"end":{"line":47,"column":9}},"15":{"start":{"line":37,"column":8},"end":{"line":37,"column":29}},"16":{"start":{"line":40,"column":8},"end":{"line":40,"column":30}},"17":{"start":{"line":41,"column":8},"end":{"line":41,"column":30}},"18":{"start":{"line":42,"column":8},"end":{"line":42,"column":27}},"19":{"start":{"line":45,"column":8},"end":{"line":45,"column":30}},"20":{"start":{"line":46,"column":8},"end":{"line":46,"column":43}},"21":{"start":{"line":51,"column":21},"end":{"line":51,"column":39}},"22":{"start":{"line":52,"column":31},"end":{"line":52,"column":49}}},"fnMap":{"0":{"name":"(anonymous_0)","decl":{"start":{"line":12,"column":56},"end":{"line":12,"column":57}},"loc":{"start":{"line":12,"column":68},"end":{"line":20,"column":1}},"line":12},"1":{"name":"(anonymous_1)","decl":{"start":{"line":25,"column":17},"end":{"line":25,"column":18}},"loc":{"start":{"line":25,"column":41},"end":{"line":32,"column":5}},"line":25},"2":{"name":"(anonymous_2)","decl":{"start":{"line":27,"column":45},"end":{"line":27,"column":46}},"loc":{"start":{"line":27,"column":56},"end":{"line":30,"column":7}},"line":27},"3":{"name":"(anonymous_3)","decl":{"start":{"line":34,"column":17},"end":{"line":34,"column":18}},"loc":{"start":{"line":34,"column":30},"end":{"line":48,"column":3}},"line":34},"4":{"name":"(anonymous_4)","decl":{"start":{"line":36,"column":35},"end":{"line":36,"column":36}},"loc":{"start":{"line":36,"column":46},"end":{"line":38,"column":7}},"line":36},"5":{"name":"(anonymous_5)","decl":{"start":{"line":39,"column":37},"end":{"line":39,"column":38}},"loc":{"start":{"line":39,"column":61},"end":{"line":43,"column":7}},"line":39},"6":{"name":"(anonymous_6)","decl":{"start":{"line":44,"column":36},"end":{"line":44,"column":37}},"loc":{"start":{"line":44,"column":47},"end":{"line":47,"column":7}},"line":44}},"branchMap":{"0":{"loc":{"start":{"line":31,"column":25},"end":{"line":31,"column":66}},"type":"cond-expr","locations":[{"start":{"line":31,"column":41},"end":{"line":31,"column":47}},{"start":{"line":31,"column":50},"end":{"line":31,"column":66}}],"line":31}},"s":{"0":1,"1":1,"2":1,"3":0,"4":0,"5":0,"6":0,"7":0,"8":1,"9":1,"10":1,"11":0,"12":0,"13":1,"14":1,"15":0,"16":1,"17":1,"18":1,"19":1,"20":1,"21":1,"22":1},"f":{"0":0,"1":1,"2":0,"3":1,"4":0,"5":1,"6":1},"b":{"0":[0,1]},"_coverageSchema":"1a1c01bbd47fc00a2c39e90264f33305004495a9","hash":"da921a0b9da404adb480748fa64da2435c1e6ffd"}
}
